#
# A fatal error has been detected by the Java Runtime Environment:
#
#  EXCEPTION_ACCESS_VIOLATION (0xc0000005) at pc=0x00007ffda1b5d979, pid=8536, tid=0x0000000000004f28
#
# JRE version: Java(TM) SE Runtime Environment (8.0_151-b12) (build 1.8.0_151-b12)
# Java VM: Java HotSpot(TM) 64-Bit Server VM (25.151-b12 mixed mode windows-amd64 compressed oops)
# Problematic frame:
# C  [ntdll.dll+0x1d979]
#
# Failed to write core dump. Minidumps are not enabled by default on client versions of Windows
#
# If you would like to submit a bug report, please visit:
#   http://bugreport.java.com/bugreport/crash.jsp
# The crash happened outside the Java Virtual Machine in native code.
# See problematic frame for where to report the bug.
#

---------------  T H R E A D  ---------------

Current thread (0x0000000019a91000):  JavaThread "Thread-3" [_thread_in_native, id=20264, stack(0x000000001ee00000,0x000000001ef00000)]

siginfo: ExceptionCode=0xc0000005, writing address 0x0000000000000024

Registers:
RAX=0xffffffffffffffff, RBX=0x000000001cbd5458, RCX=0x0000000000000000, RDX=0xffffffffffffffff
RSP=0x000000001eeff350, RBP=0x000000001eeff3c0, RSI=0x0000000000000000, RDI=0x0000000000000000
R8 =0x0000000000000000, R9 =0x00007ffd6695e600, R10=0x0000000000000000, R11=0x0000000000000246
R12=0x0000000000000000, R13=0x000000001cfd3b30, R14=0x0000000000000000, R15=0x0000000019a91000
RIP=0x00007ffda1b5d979, EFLAGS=0x0000000000010213

Top of Stack: (sp=0x000000001eeff350)
0x000000001eeff350:   ffffffffffffffff 000000001cbd5458
0x000000001eeff360:   00000000d60e13c0 3ff0000000000000
0x000000001eeff370:   3ff0000000000000 0000000000000000
0x000000001eeff380:   000000001eeff648 000000000086b000
0x000000001eeff390:   000000001cbd5460 0000000000004f28
0x000000001eeff3a0:   0000000083a26538 0000000000000000
0x000000001eeff3b0:   000001e000000280 00007ffd9df49252
0x000000001eeff3c0:   0000000019a91000 0000000000000001
0x000000001eeff3d0:   000000001cfd3b30 0000000000000000
0x000000001eeff3e0:   0000000000000000 0000000000000000
0x000000001eeff3f0:   0000000000000001 00007ffda1b583e7
0x000000001eeff400:   0000000000000000 000000001cbd5458
0x000000001eeff410:   00000000fffffffa 0000000000000000
0x000000001eeff420:   000000001eeff5d0 00007ffda1b58300
0x000000001eeff430:   00007ffd6695e640 00007ffd6695e600
0x000000001eeff440:   0000000000000000 0000000000000000 

Instructions: (pc=0x00007ffda1b5d979)
0x00007ffda1b5d959:   35 62 e5 13 00 4c 0f 45 f6 48 39 73 18 0f 84 b6
0x00007ffda1b5d969:   01 00 00 48 8b 0b 48 83 f9 ff 0f 84 b6 01 00 00
0x00007ffda1b5d979:   ff 41 24 48 8b 7b 18 44 8b ee 48 89 7d c0 e8 b4
0x00007ffda1b5d989:   2e ff ff 85 c0 0f 85 16 ca 08 00 b9 82 03 fe 7f 


Register to memory mapping:

RAX=0xffffffffffffffff is an unknown value
RBX=0x000000001cbd5458 is an unknown value
RCX=0x0000000000000000 is an unknown value
RDX=0xffffffffffffffff is an unknown value
RSP=0x000000001eeff350 is pointing into the stack for thread: 0x0000000019a91000
RBP=0x000000001eeff3c0 is pointing into the stack for thread: 0x0000000019a91000
RSI=0x0000000000000000 is an unknown value
RDI=0x0000000000000000 is an unknown value
R8 =0x0000000000000000 is an unknown value
R9 =0x00007ffd6695e600 is an unknown value
R10=0x0000000000000000 is an unknown value
R11=0x0000000000000246 is an unknown value
R12=0x0000000000000000 is an unknown value
R13=0x000000001cfd3b30 is an unknown value
R14=0x0000000000000000 is an unknown value
R15=0x0000000019a91000 is a thread


Stack: [0x000000001ee00000,0x000000001ef00000],  sp=0x000000001eeff350,  free space=1020k
Native frames: (J=compiled Java code, j=interpreted, Vv=VM code, C=native code)
C  [ntdll.dll+0x1d979]
C  [ntdll.dll+0x183e7]
C  [ntdll.dll+0x18300]
C  [opencv_highgui248.dll+0x15963]
C  [opencv_highgui248.dll+0x16946]
C  [opencv_highgui248.dll+0x10b2]
C  [jniopencv_highgui.dll+0x75d9]
C  0x000000000301e754

Java frames: (J=compiled Java code, j=interpreted, Vv=VM code)
J 1788  com.googlecode.javacv.cpp.opencv_highgui.cvQueryFrame(Lcom/googlecode/javacv/cpp/opencv_highgui$CvCapture;)Lcom/googlecode/javacv/cpp/opencv_core$IplImage; (0 bytes) @ 0x000000000301e6d2 [0x000000000301e680+0x52]
j  opening.javacv_image$9.run()V+54
v  ~StubRoutines::call_stub

---------------  P R O C E S S  ---------------

Java Threads: ( => current thread )
=>0x0000000019a91000 JavaThread "Thread-3" [_thread_in_native, id=20264, stack(0x000000001ee00000,0x000000001ef00000)]
  0x00000000196ad800 JavaThread "Swing-Shell" daemon [_thread_blocked, id=21324, stack(0x000000001de30000,0x000000001df30000)]
  0x0000000019003800 JavaThread "TimerQueue" daemon [_thread_blocked, id=20164, stack(0x000000001dc30000,0x000000001dd30000)]
  0x000000000297e000 JavaThread "DestroyJavaVM" [_thread_blocked, id=14540, stack(0x0000000002810000,0x0000000002910000)]
  0x0000000019678000 JavaThread "AWT-EventQueue-0" [_thread_blocked, id=10844, stack(0x000000001b760000,0x000000001b860000)]
  0x0000000019299000 JavaThread "AWT-Windows" daemon [_thread_in_native, id=19812, stack(0x0000000019ff0000,0x000000001a0f0000)]
  0x0000000019633000 JavaThread "AWT-Shutdown" [_thread_blocked, id=7192, stack(0x0000000019ef0000,0x0000000019ff0000)]
  0x0000000019632800 JavaThread "Java2D Disposer" daemon [_thread_blocked, id=13584, stack(0x0000000019df0000,0x0000000019ef0000)]
  0x0000000018eb7800 JavaThread "Service Thread" daemon [_thread_blocked, id=14044, stack(0x00000000192b0000,0x00000000193b0000)]
  0x00000000175cd000 JavaThread "C1 CompilerThread2" daemon [_thread_blocked, id=17148, stack(0x0000000018db0000,0x0000000018eb0000)]
  0x0000000017574000 JavaThread "C2 CompilerThread1" daemon [_thread_blocked, id=20368, stack(0x0000000018cb0000,0x0000000018db0000)]
  0x0000000017571800 JavaThread "C2 CompilerThread0" daemon [_thread_blocked, id=12780, stack(0x0000000018bb0000,0x0000000018cb0000)]
  0x000000001756f000 JavaThread "Attach Listener" daemon [_thread_blocked, id=5660, stack(0x0000000018ab0000,0x0000000018bb0000)]
  0x000000001756e000 JavaThread "Signal Dispatcher" daemon [_thread_blocked, id=10008, stack(0x00000000189b0000,0x0000000018ab0000)]
  0x0000000002a7c000 JavaThread "Finalizer" daemon [_thread_in_native, id=19432, stack(0x00000000187c0000,0x00000000188c0000)]
  0x0000000002a71000 JavaThread "Reference Handler" daemon [_thread_blocked, id=13320, stack(0x00000000186c0000,0x00000000187c0000)]

Other Threads:
  0x0000000017537800 VMThread [stack: 0x00000000185c0000,0x00000000186c0000] [id=2736]
  0x0000000018ecf000 WatcherThread [stack: 0x00000000193b0000,0x00000000194b0000] [id=16260]

VM state:not at safepoint (normal execution)

VM Mutex/Monitor currently owned by a thread: None

Heap:
 PSYoungGen      total 98304K, used 6173K [0x00000000d6000000, 0x00000000dd100000, 0x0000000100000000)
  eden space 81920K, 4% used [0x00000000d6000000,0x00000000d633c4c8,0x00000000db000000)
  from space 16384K, 17% used [0x00000000dc100000,0x00000000dc3cb030,0x00000000dd100000)
  to   space 16896K, 0% used [0x00000000db000000,0x00000000db000000,0x00000000dc080000)
 ParOldGen       total 86016K, used 28510K [0x0000000082000000, 0x0000000087400000, 0x00000000d6000000)
  object space 86016K, 33% used [0x0000000082000000,0x0000000083bd7a60,0x0000000087400000)
 Metaspace       used 16889K, capacity 17102K, committed 17408K, reserved 1064960K
  class space    used 2161K, capacity 2253K, committed 2304K, reserved 1048576K

Card table byte_map: [0x0000000011e40000,0x0000000012240000] byte_map_base: 0x0000000011a30000

Marking Bits: (ParMarkBitMap*) 0x000000005d1ed850
 Begin Bits: [0x00000000128e0000, 0x0000000014860000)
 End Bits:   [0x0000000014860000, 0x00000000167e0000)

Polling page: 0x0000000000e80000

CodeCache: size=245760Kb used=5984Kb max_used=5995Kb free=239775Kb
 bounds [0x0000000002a80000, 0x0000000003070000, 0x0000000011a80000]
 total_blobs=2286 nmethods=1732 adapters=466
 compilation: enabled

Compilation events (10 events):
Event: 103.726 Thread 0x0000000017571800 1836  s!   4       sun.misc.URLClassPath::getLoader (243 bytes)
Event: 103.726 Thread 0x00000000175cd000 1837   !   3       java.util.zip.ZipFile$ZipFileInputStream::close (110 bytes)
Event: 103.727 Thread 0x0000000017574000 1838  s    4       sun.misc.URLClassPath::getNextLoader (88 bytes)
Event: 103.727 Thread 0x00000000175cd000 nmethod 1837 0x000000000305e6d0 code [0x000000000305e880, 0x000000000305f098]
Event: 103.732 Thread 0x0000000017571800 nmethod 1836 0x0000000003062810 code [0x0000000003062960, 0x0000000003063138]
Event: 103.733 Thread 0x0000000017574000 nmethod 1838 0x0000000003063510 code [0x0000000003063660, 0x0000000003063df8]
Event: 103.795 Thread 0x00000000175cd000 1839       3       java.awt.Rectangle::<init> (9 bytes)
Event: 103.796 Thread 0x00000000175cd000 nmethod 1839 0x0000000002c670d0 code [0x0000000002c67240, 0x0000000002c67530]
Event: 103.797 Thread 0x00000000175cd000 1840       1       javax.swing.AbstractButton::isRolloverEnabled (5 bytes)
Event: 103.797 Thread 0x00000000175cd000 nmethod 1840 0x0000000002e47310 code [0x0000000002e47460, 0x0000000002e47570]

GC Heap History (10 events):
Event: 98.275 GC heap before
{Heap before GC invocations=8 (full 0):
 PSYoungGen      total 50176K, used 32292K [0x00000000d6000000, 0x00000000da480000, 0x0000000100000000)
  eden space 31232K, 100% used [0x00000000d6000000,0x00000000d7e80000,0x00000000d7e80000)
  from space 18944K, 5% used [0x00000000d7f00000,0x00000000d8009010,0x00000000d9180000)
  to   space 19456K, 0% used [0x00000000d9180000,0x00000000d9180000,0x00000000da480000)
 ParOldGen       total 86016K, used 28406K [0x0000000082000000, 0x0000000087400000, 0x00000000d6000000)
  object space 86016K, 33% used [0x0000000082000000,0x0000000083bbda60,0x0000000087400000)
 Metaspace       used 16767K, capacity 16974K, committed 17152K, reserved 1064960K
  class space    used 2156K, capacity 2253K, committed 2304K, reserved 1048576K
Event: 98.293 GC heap after
Heap after GC invocations=8 (full 0):
 PSYoungGen      total 51200K, used 2828K [0x00000000d6000000, 0x00000000dc200000, 0x0000000100000000)
  eden space 31744K, 0% used [0x00000000d6000000,0x00000000d6000000,0x00000000d7f00000)
  from space 19456K, 14% used [0x00000000d9180000,0x00000000d9443030,0x00000000da480000)
  to   space 18944K, 0% used [0x00000000d7f00000,0x00000000d7f00000,0x00000000d9180000)
 ParOldGen       total 86016K, used 28430K [0x0000000082000000, 0x0000000087400000, 0x00000000d6000000)
  object space 86016K, 33% used [0x0000000082000000,0x0000000083bc3a60,0x0000000087400000)
 Metaspace       used 16767K, capacity 16974K, committed 17152K, reserved 1064960K
  class space    used 2156K, capacity 2253K, committed 2304K, reserved 1048576K
}
Event: 99.406 GC heap before
{Heap before GC invocations=9 (full 0):
 PSYoungGen      total 51200K, used 34145K [0x00000000d6000000, 0x00000000dc200000, 0x0000000100000000)
  eden space 31744K, 98% used [0x00000000d6000000,0x00000000d7e95510,0x00000000d7f00000)
  from space 19456K, 14% used [0x00000000d9180000,0x00000000d9443030,0x00000000da480000)
  to   space 18944K, 0% used [0x00000000d7f00000,0x00000000d7f00000,0x00000000d9180000)
 ParOldGen       total 86016K, used 28430K [0x0000000082000000, 0x0000000087400000, 0x00000000d6000000)
  object space 86016K, 33% used [0x0000000082000000,0x0000000083bc3a60,0x0000000087400000)
 Metaspace       used 16797K, capacity 17038K, committed 17408K, reserved 1064960K
  class space    used 2156K, capacity 2253K, committed 2304K, reserved 1048576K
Event: 99.427 GC heap after
Heap after GC invocations=9 (full 0):
 PSYoungGen      total 50688K, used 2860K [0x00000000d6000000, 0x00000000db600000, 0x0000000100000000)
  eden space 31744K, 0% used [0x00000000d6000000,0x00000000d6000000,0x00000000d7f00000)
  from space 18944K, 15% used [0x00000000d7f00000,0x00000000d81cb030,0x00000000d9180000)
  to   space 18432K, 0% used [0x00000000da400000,0x00000000da400000,0x00000000db600000)
 ParOldGen       total 86016K, used 28446K [0x0000000082000000, 0x0000000087400000, 0x00000000d6000000)
  object space 86016K, 33% used [0x0000000082000000,0x0000000083bc7a60,0x0000000087400000)
 Metaspace       used 16797K, capacity 17038K, committed 17408K, reserved 1064960K
  class space    used 2156K, capacity 2253K, committed 2304K, reserved 1048576K
}
Event: 100.542 GC heap before
{Heap before GC invocations=10 (full 0):
 PSYoungGen      total 50688K, used 34120K [0x00000000d6000000, 0x00000000db600000, 0x0000000100000000)
  eden space 31744K, 98% used [0x00000000d6000000,0x00000000d7e87030,0x00000000d7f00000)
  from space 18944K, 15% used [0x00000000d7f00000,0x00000000d81cb030,0x00000000d9180000)
  to   space 18432K, 0% used [0x00000000da400000,0x00000000da400000,0x00000000db600000)
 ParOldGen       total 86016K, used 28446K [0x0000000082000000, 0x0000000087400000, 0x00000000d6000000)
  object space 86016K, 33% used [0x0000000082000000,0x0000000083bc7a60,0x0000000087400000)
 Metaspace       used 16797K, capacity 17038K, committed 17408K, reserved 1064960K
  class space    used 2156K, capacity 2253K, committed 2304K, reserved 1048576K
Event: 100.571 GC heap after
Heap after GC invocations=10 (full 0):
 PSYoungGen      total 68608K, used 2828K [0x00000000d6000000, 0x00000000db500000, 0x0000000100000000)
  eden space 51200K, 0% used [0x00000000d6000000,0x00000000d6000000,0x00000000d9200000)
  from space 17408K, 16% used [0x00000000da400000,0x00000000da6c3030,0x00000000db500000)
  to   space 17920K, 0% used [0x00000000d9200000,0x00000000d9200000,0x00000000da380000)
 ParOldGen       total 86016K, used 28462K [0x0000000082000000, 0x0000000087400000, 0x00000000d6000000)
  object space 86016K, 33% used [0x0000000082000000,0x0000000083bcba60,0x0000000087400000)
 Metaspace       used 16797K, capacity 17038K, committed 17408K, reserved 1064960K
  class space    used 2156K, capacity 2253K, committed 2304K, reserved 1048576K
}
Event: 102.414 GC heap before
{Heap before GC invocations=11 (full 0):
 PSYoungGen      total 68608K, used 53495K [0x00000000d6000000, 0x00000000db500000, 0x0000000100000000)
  eden space 51200K, 98% used [0x00000000d6000000,0x00000000d917ad98,0x00000000d9200000)
  from space 17408K, 16% used [0x00000000da400000,0x00000000da6c3030,0x00000000db500000)
  to   space 17920K, 0% used [0x00000000d9200000,0x00000000d9200000,0x00000000da380000)
 ParOldGen       total 86016K, used 28462K [0x0000000082000000, 0x0000000087400000, 0x00000000d6000000)
  object space 86016K, 33% used [0x0000000082000000,0x0000000083bcba60,0x0000000087400000)
 Metaspace       used 16812K, capacity 17102K, committed 17408K, reserved 1064960K
  class space    used 2156K, capacity 2253K, committed 2304K, reserved 1048576K
Event: 102.428 GC heap after
Heap after GC invocations=11 (full 0):
 PSYoungGen      total 69120K, used 2860K [0x00000000d6000000, 0x00000000dd200000, 0x0000000100000000)
  eden space 51200K, 0% used [0x00000000d6000000,0x00000000d6000000,0x00000000d9200000)
  from space 17920K, 15% used [0x00000000d9200000,0x00000000d94cb030,0x00000000da380000)
  to   space 17408K, 0% used [0x00000000dc100000,0x00000000dc100000,0x00000000dd200000)
 ParOldGen       total 86016K, used 28486K [0x0000000082000000, 0x0000000087400000, 0x00000000d6000000)
  object space 86016K, 33% used [0x0000000082000000,0x0000000083bd1a60,0x0000000087400000)
 Metaspace       used 16812K, capacity 17102K, committed 17408K, reserved 1064960K
  class space    used 2156K, capacity 2253K, committed 2304K, reserved 1048576K
}
Event: 104.270 GC heap before
{Heap before GC invocations=12 (full 0):
 PSYoungGen      total 69120K, used 53728K [0x00000000d6000000, 0x00000000dd200000, 0x0000000100000000)
  eden space 51200K, 99% used [0x00000000d6000000,0x00000000d91ad1b0,0x00000000d9200000)
  from space 17920K, 15% used [0x00000000d9200000,0x00000000d94cb030,0x00000000da380000)
  to   space 17408K, 0% used [0x00000000dc100000,0x00000000dc100000,0x00000000dd200000)
 ParOldGen       total 86016K, used 28486K [0x0000000082000000, 0x0000000087400000, 0x00000000d6000000)
  object space 86016K, 33% used [0x0000000082000000,0x0000000083bd1a60,0x0000000087400000)
 Metaspace       used 16888K, capacity 17102K, committed 17408K, reserved 1064960K
  class space    used 2161K, capacity 2253K, committed 2304K, reserved 1048576K
Event: 104.279 GC heap after
Heap after GC invocations=12 (full 0):
 PSYoungGen      total 98304K, used 2860K [0x00000000d6000000, 0x00000000dd100000, 0x0000000100000000)
  eden space 81920K, 0% used [0x00000000d6000000,0x00000000d6000000,0x00000000db000000)
  from space 16384K, 17% used [0x00000000dc100000,0x00000000dc3cb030,0x00000000dd100000)
  to   space 16896K, 0% used [0x00000000db000000,0x00000000db000000,0x00000000dc080000)
 ParOldGen       total 86016K, used 28510K [0x0000000082000000, 0x0000000087400000, 0x00000000d6000000)
  object space 86016K, 33% used [0x0000000082000000,0x0000000083bd7a60,0x0000000087400000)
 Metaspace       used 16888K, capacity 17102K, committed 17408K, reserved 1064960K
  class space    used 2161K, capacity 2253K, committed 2304K, reserved 1048576K
}

Deoptimization events (10 events):
Event: 82.289 Thread 0x0000000019678000 Uncommon trap: reason=predicate action=maybe_recompile pc=0x0000000002d52940 method=java.awt.LinearGradientPaintContext.fillRaster([IIIIIII)V @ 56
Event: 82.289 Thread 0x0000000019678000 Uncommon trap: reason=unstable_if action=reinterpret pc=0x0000000002cdc2f0 method=java.awt.MultipleGradientPaintContext.indexIntoGradientsArrays(F)I @ 93
Event: 82.289 Thread 0x0000000019678000 Uncommon trap: reason=unstable_if action=reinterpret pc=0x0000000002ce9820 method=java.awt.MultipleGradientPaintContext.indexIntoGradientsArrays(F)I @ 24
Event: 86.630 Thread 0x0000000019a91000 Uncommon trap: reason=class_check action=maybe_recompile pc=0x0000000002c76f04 method=java.util.HashMap.putVal(ILjava/lang/Object;Ljava/lang/Object;ZZ)Ljava/lang/Object; @ 253
Event: 86.630 Thread 0x0000000019a91000 Uncommon trap: reason=class_check action=maybe_recompile pc=0x0000000002c76f04 method=java.util.HashMap.putVal(ILjava/lang/Object;Ljava/lang/Object;ZZ)Ljava/lang/Object; @ 253
Event: 86.630 Thread 0x0000000019a91000 Uncommon trap: reason=class_check action=maybe_recompile pc=0x0000000002c76f04 method=java.util.HashMap.putVal(ILjava/lang/Object;Ljava/lang/Object;ZZ)Ljava/lang/Object; @ 253
Event: 86.633 Thread 0x0000000019a91000 Uncommon trap: reason=class_check action=maybe_recompile pc=0x0000000002c76f04 method=java.util.HashMap.putVal(ILjava/lang/Object;Ljava/lang/Object;ZZ)Ljava/lang/Object; @ 253
Event: 90.921 Thread 0x0000000019a91000 Uncommon trap: reason=unstable_if action=reinterpret pc=0x0000000002fbec30 method=com.googlecode.javacv.cpp.opencv_core$IplImage.flipCopyWithGamma(Ljava/nio/ByteBuffer;ILjava/nio/ByteBuffer;IZDZI)V @ 50
Event: 104.279 Thread 0x0000000002a7c000 Uncommon trap: reason=unstable_if action=reinterpret pc=0x0000000002ea5194 method=java.util.concurrent.locks.ReentrantLock$Sync.tryRelease(I)Z @ 28
Event: 104.279 Thread 0x0000000002a7c000 Uncommon trap: reason=unstable_if action=reinterpret pc=0x0000000002ef3f44 method=java.util.concurrent.locks.ReentrantLock$Sync.tryRelease(I)Z @ 28

Internal exceptions (10 events):
Event: 0.553 Thread 0x000000000297e000 Exception <a 'java/lang/ClassNotFoundException': javax/swing/JToolBarSeparator> (0x00000000d641e6e8) thrown at [C:\re\workspace\8-2-build-windows-amd64-cygwin\jdk8u151\9699\hotspot\src\share\vm\classfile\systemDictionary.cpp, line 210]
Event: 0.553 Thread 0x000000000297e000 Exception <a 'java/lang/ClassNotFoundException': ToolBarSeparator> (0x00000000d641eb80) thrown at [C:\re\workspace\8-2-build-windows-amd64-cygwin\jdk8u151\9699\hotspot\src\share\vm\classfile\systemDictionary.cpp, line 210]
Event: 0.553 Thread 0x000000000297e000 Exception <a 'java/lang/ClassNotFoundException': ToolTip> (0x00000000d641f2c0) thrown at [C:\re\workspace\8-2-build-windows-amd64-cygwin\jdk8u151\9699\hotspot\src\share\vm\classfile\systemDictionary.cpp, line 210]
Event: 0.556 Thread 0x000000000297e000 Exception <a 'java/lang/ClassNotFoundException': Tree> (0x00000000d641fee0) thrown at [C:\re\workspace\8-2-build-windows-amd64-cygwin\jdk8u151\9699\hotspot\src\share\vm\classfile\systemDictionary.cpp, line 210]
Event: 0.556 Thread 0x000000000297e000 Exception <a 'java/lang/ClassNotFoundException': Tree> (0x00000000d6420620) thrown at [C:\re\workspace\8-2-build-windows-amd64-cygwin\jdk8u151\9699\hotspot\src\share\vm\classfile\systemDictionary.cpp, line 210]
Event: 0.557 Thread 0x000000000297e000 Exception <a 'java/lang/ClassNotFoundException': javax/swing/JTreeCell> (0x00000000d64209a0) thrown at [C:\re\workspace\8-2-build-windows-amd64-cygwin\jdk8u151\9699\hotspot\src\share\vm\classfile\systemDictionary.cpp, line 210]
Event: 0.557 Thread 0x000000000297e000 Exception <a 'java/lang/ClassNotFoundException': TreeCell> (0x00000000d6420e28) thrown at [C:\re\workspace\8-2-build-windows-amd64-cygwin\jdk8u151\9699\hotspot\src\share\vm\classfile\systemDictionary.cpp, line 210]
Event: 0.588 Thread 0x000000000297e000 Exception <a 'java/lang/ClassNotFoundException': RootPane> (0x00000000d6421888) thrown at [C:\re\workspace\8-2-build-windows-amd64-cygwin\jdk8u151\9699\hotspot\src\share\vm\classfile\systemDictionary.cpp, line 210]
Event: 81.810 Thread 0x00000000197c7000 Implicit null exception at 0x0000000002c69007 to 0x0000000002c6d235
Event: 82.285 Thread 0x0000000019678000 Implicit null exception at 0x0000000002d59a26 to 0x0000000002d5b8f5

Events (10 events):
Event: 103.730 loading class java/util/concurrent/Executors$DelegatedExecutorService done
Event: 103.730 loading class java/util/concurrent/Executors$FinalizableDelegatedExecutorService done
Event: 104.270 Executing VM operation: ParallelGCFailedAllocation
Event: 104.279 Executing VM operation: ParallelGCFailedAllocation done
Event: 104.279 Thread 0x0000000002a7c000 Uncommon trap: trap_request=0xffffff65 fr.pc=0x0000000002ea5194
Event: 104.279 Thread 0x0000000002a7c000 DEOPT PACKING pc=0x0000000002ea5194 sp=0x00000000188bef60
Event: 104.279 Thread 0x0000000002a7c000 DEOPT UNPACKING pc=0x0000000002ac582a sp=0x00000000188bee40 mode 2
Event: 104.279 Thread 0x0000000002a7c000 Uncommon trap: trap_request=0xffffff65 fr.pc=0x0000000002ef3f44
Event: 104.279 Thread 0x0000000002a7c000 DEOPT PACKING pc=0x0000000002ef3f44 sp=0x00000000188bef50
Event: 104.279 Thread 0x0000000002a7c000 DEOPT UNPACKING pc=0x0000000002ac582a sp=0x00000000188bee90 mode 2


Dynamic libraries:
0x00007ff68ece0000 - 0x00007ff68ed17000 	C:\Program Files\Java\jdk1.8.0_151\bin\java.exe
0x00007ffda1b40000 - 0x00007ffda1d21000 	C:\WINDOWS\SYSTEM32\ntdll.dll
0x00007ffda0fd0000 - 0x00007ffda1082000 	C:\WINDOWS\System32\KERNEL32.DLL
0x00007ffd9df10000 - 0x00007ffd9e183000 	C:\WINDOWS\System32\KERNELBASE.dll
0x00007ffda06b0000 - 0x00007ffda0751000 	C:\WINDOWS\System32\ADVAPI32.dll
0x00007ffda0420000 - 0x00007ffda04be000 	C:\WINDOWS\System32\msvcrt.dll
0x00007ffda19e0000 - 0x00007ffda1a3b000 	C:\WINDOWS\System32\sechost.dll
0x00007ffda1460000 - 0x00007ffda1584000 	C:\WINDOWS\System32\RPCRT4.dll
0x00007ffda0520000 - 0x00007ffda06b0000 	C:\WINDOWS\System32\USER32.dll
0x00007ffd9e4c0000 - 0x00007ffd9e4e0000 	C:\WINDOWS\System32\win32u.dll
0x00007ffda0760000 - 0x00007ffda0788000 	C:\WINDOWS\System32\GDI32.dll
0x00007ffd9e210000 - 0x00007ffd9e3a2000 	C:\WINDOWS\System32\gdi32full.dll
0x00007ffd9e4e0000 - 0x00007ffd9e57f000 	C:\WINDOWS\System32\msvcp_win.dll
0x00007ffd9ec90000 - 0x00007ffd9ed8a000 	C:\WINDOWS\System32\ucrtbase.dll
0x00007ffd94e30000 - 0x00007ffd95099000 	C:\WINDOWS\WinSxS\amd64_microsoft.windows.common-controls_6595b64144ccf1df_6.0.17134.285_none_fb4297e330656775\COMCTL32.dll
0x00007ffda1130000 - 0x00007ffda1453000 	C:\WINDOWS\System32\combase.dll
0x00007ffd9e190000 - 0x00007ffd9e20a000 	C:\WINDOWS\System32\bcryptPrimitives.dll
0x00007ffda0790000 - 0x00007ffda07bd000 	C:\WINDOWS\System32\IMM32.DLL
0x000000005c8f0000 - 0x000000005c9c2000 	C:\Program Files\Java\jdk1.8.0_151\jre\bin\msvcr100.dll
0x000000005c9d0000 - 0x000000005d26d000 	C:\Program Files\Java\jdk1.8.0_151\jre\bin\server\jvm.dll
0x00007ffd9efd0000 - 0x00007ffd9efd8000 	C:\WINDOWS\System32\PSAPI.DLL
0x00007ffd8fa90000 - 0x00007ffd8fa99000 	C:\WINDOWS\SYSTEM32\WSOCK32.dll
0x00007ffda1a40000 - 0x00007ffda1aac000 	C:\WINDOWS\System32\WS2_32.dll
0x00007ffd96b70000 - 0x00007ffd96b93000 	C:\WINDOWS\SYSTEM32\WINMM.dll
0x00007ffd94ca0000 - 0x00007ffd94caa000 	C:\WINDOWS\SYSTEM32\VERSION.dll
0x00007ffd96af0000 - 0x00007ffd96b1a000 	C:\WINDOWS\SYSTEM32\WINMMBASE.dll
0x00007ffd9ef80000 - 0x00007ffd9efc9000 	C:\WINDOWS\System32\cfgmgr32.dll
0x000000005c8a0000 - 0x000000005c8af000 	C:\Program Files\Java\jdk1.8.0_151\jre\bin\verify.dll
0x000000005c870000 - 0x000000005c899000 	C:\Program Files\Java\jdk1.8.0_151\jre\bin\java.dll
0x000000005c850000 - 0x000000005c866000 	C:\Program Files\Java\jdk1.8.0_151\jre\bin\zip.dll
0x00007ffd9efe0000 - 0x00007ffda0420000 	C:\WINDOWS\System32\SHELL32.dll
0x00007ffda0c30000 - 0x00007ffda0cd9000 	C:\WINDOWS\System32\shcore.dll
0x00007ffd9e580000 - 0x00007ffd9ec8d000 	C:\WINDOWS\System32\windows.storage.dll
0x00007ffda1ab0000 - 0x00007ffda1b01000 	C:\WINDOWS\System32\shlwapi.dll
0x00007ffd9dec0000 - 0x00007ffd9ded1000 	C:\WINDOWS\System32\kernel.appcore.dll
0x00007ffd9def0000 - 0x00007ffd9df0f000 	C:\WINDOWS\System32\profapi.dll
0x00007ffd9de70000 - 0x00007ffd9debc000 	C:\WINDOWS\System32\powrprof.dll
0x00007ffd9dee0000 - 0x00007ffd9deea000 	C:\WINDOWS\System32\FLTLIB.DLL
0x000000005c670000 - 0x000000005c808000 	C:\Program Files\Java\jdk1.8.0_151\jre\bin\awt.dll
0x00007ffda0b60000 - 0x00007ffda0c22000 	C:\WINDOWS\System32\OLEAUT32.dll
0x00007ffd9b020000 - 0x00007ffd9b0ab000 	C:\WINDOWS\SYSTEM32\apphelp.dll
0x00007ffd9bc70000 - 0x00007ffd9bd08000 	C:\WINDOWS\system32\uxtheme.dll
0x00007ffda0ce0000 - 0x00007ffda0e55000 	C:\WINDOWS\System32\MSCTF.dll
0x00007ffd7a5b0000 - 0x00007ffd7a62f000 	C:\Program Files (x86)\TeamViewer\tv_x64.dll
0x00007ffda0e60000 - 0x00007ffda0fb1000 	C:\WINDOWS\System32\ole32.dll
0x00007ffd8a2b0000 - 0x00007ffd8a3c8000 	C:\WINDOWS\system32\rlls64.dll
0x00007ffd8a3e0000 - 0x00007ffd8a44b000 	C:\WINDOWS\system32\OLEACC.dll
0x00007ffd89450000 - 0x00007ffd898be000 	C:\WINDOWS\system32\WININET.dll
0x00007ffd9cf70000 - 0x00007ffd9cfa1000 	C:\WINDOWS\SYSTEM32\ntmarta.dll
0x00007ffd9c0c0000 - 0x00007ffd9c0e9000 	C:\WINDOWS\system32\dwmapi.dll
0x000000005c620000 - 0x000000005c667000 	C:\Program Files\Java\jdk1.8.0_151\jre\bin\fontmanager.dll
0x00007ffd9d190000 - 0x00007ffd9d209000 	C:\WINDOWS\SYSTEM32\Schannel.dll
0x00007ffd9ed90000 - 0x00007ffd9ef72000 	C:\WINDOWS\System32\CRYPT32.dll
0x00007ffd9de50000 - 0x00007ffd9de62000 	C:\WINDOWS\System32\MSASN1.dll
0x00007ffd9dd50000 - 0x00007ffd9dd80000 	C:\WINDOWS\SYSTEM32\SspiCli.dll
0x00007ffd9d670000 - 0x00007ffd9d6d6000 	C:\WINDOWS\system32\mswsock.dll
0x00007ffd8ffe0000 - 0x00007ffd90100000 	C:\WINDOWS\system32\opengl32.dll
0x00007ffd8ff80000 - 0x00007ffd8ffac000 	C:\WINDOWS\SYSTEM32\GLU32.dll
0x000000005c830000 - 0x000000005c84a000 	C:\Program Files\Java\jdk1.8.0_151\jre\bin\net.dll
0x000000005c810000 - 0x000000005c821000 	C:\Program Files\Java\jdk1.8.0_151\jre\bin\nio.dll
0x000000005c5d0000 - 0x000000005c612000 	C:\Program Files\Java\jdk1.8.0_151\jre\bin\t2k.dll
0x00007ffd8d5b0000 - 0x00007ffd8d647000 	C:\WINDOWS\System32\TextInputFramework.dll
0x00007ffd99ad0000 - 0x00007ffd99baa000 	C:\WINDOWS\System32\CoreMessaging.dll
0x00007ffd92220000 - 0x00007ffd9253e000 	C:\WINDOWS\System32\CoreUIComponents.dll
0x00007ffd9ab30000 - 0x00007ffd9ac7d000 	C:\WINDOWS\SYSTEM32\wintypes.dll
0x000000005c590000 - 0x000000005c5ba000 	C:\Program Files\Java\jdk1.8.0_151\jre\bin\dcpr.dll
0x000000005c550000 - 0x000000005c581000 	C:\Program Files\Java\jdk1.8.0_151\jre\bin\jpeg.dll
0x00007ffd7c080000 - 0x00007ffd7c127000 	C:\WINDOWS\WinSxS\amd64_microsoft.windows.common-controls_6595b64144ccf1df_5.82.17134.285_none_f956470b309229d4\comctl32.dll
0x00007ffda1090000 - 0x00007ffda1130000 	C:\WINDOWS\System32\clbcatq.dll
0x00007ffd9c6c0000 - 0x00007ffd9c874000 	C:\WINDOWS\SYSTEM32\PROPSYS.dll
0x00007ffd8ab80000 - 0x00007ffd8b21b000 	C:\Windows\System32\OneCoreUAPCommonProxyStub.dll
0x00007ffd8dbf0000 - 0x00007ffd8dd17000 	C:\WINDOWS\system32\NetworkExplorer.dll
0x00007ffd95820000 - 0x00007ffd9583a000 	C:\WINDOWS\SYSTEM32\MPR.dll
0x00007ffd94470000 - 0x00007ffd9447b000 	C:\WINDOWS\System32\drprov.dll
0x00007ffd9dcf0000 - 0x00007ffd9dd46000 	C:\WINDOWS\System32\WINSTA.dll
0x00007ffd92f90000 - 0x00007ffd92fa6000 	C:\WINDOWS\System32\ntlanman.dll
0x00007ffd92b40000 - 0x00007ffd92b5d000 	C:\WINDOWS\System32\davclnt.dll
0x00007ffd8d130000 - 0x00007ffd8d13c000 	C:\WINDOWS\System32\DAVHLPR.dll
0x00007ffd98420000 - 0x00007ffd98437000 	C:\WINDOWS\System32\wkscli.dll
0x00007ffd9d950000 - 0x00007ffd9d975000 	C:\WINDOWS\System32\bcrypt.dll
0x00007ffd841e0000 - 0x00007ffd841f2000 	C:\WINDOWS\SYSTEM32\cscapi.dll
0x00007ffd9d4f0000 - 0x00007ffd9d4fe000 	C:\WINDOWS\System32\netutils.dll
0x00007ffd94530000 - 0x00007ffd9457a000 	C:\Windows\System32\dlnashext.dll
0x00007ffd87250000 - 0x00007ffd872b3000 	C:\Windows\System32\PlayToDevice.dll
0x00007ffd96df0000 - 0x00007ffd96e0e000 	C:\Windows\System32\DevDispItemProvider.dll
0x00007ffd95fe0000 - 0x00007ffd96056000 	C:\WINDOWS\System32\MMDevApi.dll
0x00007ffd9dc20000 - 0x00007ffd9dc47000 	C:\WINDOWS\System32\DEVOBJ.dll
0x00007ffd74b90000 - 0x00007ffd74d71000 	C:\WINDOWS\system32\wpdshext.dll
0x00007ffd94a80000 - 0x00007ffd94c1a000 	C:\WINDOWS\WinSxS\amd64_microsoft.windows.gdiplus_6595b64144ccf1df_1.1.17134.285_none_2c2d8ac88af7e143\gdiplus.dll
0x00007ffd9bd10000 - 0x00007ffd9bdac000 	C:\Windows\System32\PortableDeviceApi.dll
0x000000001e7b0000 - 0x000000001ebfb000 	C:\WINDOWS\System32\SETUPAPI.dll
0x00007ffd9e3b0000 - 0x00007ffd9e407000 	C:\WINDOWS\System32\WINTRUST.dll
0x00007ffd86d20000 - 0x00007ffd86d57000 	C:\Windows\System32\EhStorShell.dll
0x00007ffd951a0000 - 0x00007ffd951c5000 	C:\Windows\System32\EhStorAPI.dll
0x00007ffd9cc80000 - 0x00007ffd9cc93000 	C:\Windows\System32\WTSAPI32.dll
0x000000005c280000 - 0x000000005c351000 	C:\Users\maksi\AppData\Local\Temp\javacpp666503043178362\msvcr100.dll
0x000000005c1e0000 - 0x000000005c278000 	C:\Users\maksi\AppData\Local\Temp\javacpp666503043178362\msvcp100.dll
0x0000000066840000 - 0x00000000676b4000 	C:\Users\maksi\AppData\Local\Temp\javacpp666503043178362\opencv_ffmpeg248_64.dll
0x00007ffd6b7c0000 - 0x00007ffd6ba32000 	C:\Users\maksi\AppData\Local\Temp\javacpp666503043178362\opencv_core248.dll
0x00007ffd61340000 - 0x00007ffd615f2000 	C:\Users\maksi\AppData\Local\Temp\javacpp666503043178362\opencv_imgproc248.dll
0x00007ffd66730000 - 0x00007ffd6697d000 	C:\Users\maksi\AppData\Local\Temp\javacpp666503043178362\opencv_highgui248.dll
0x00007ffd94490000 - 0x00007ffd944b9000 	C:\WINDOWS\SYSTEM32\MSVFW32.dll
0x00007ffd854f0000 - 0x00007ffd8550f000 	C:\WINDOWS\SYSTEM32\AVIFIL32.dll
0x00007ffd84e30000 - 0x00007ffd84e48000 	C:\WINDOWS\SYSTEM32\AVICAP32.dll
0x00007ffd788e0000 - 0x00007ffd788fc000 	C:\WINDOWS\SYSTEM32\MSACM32.dll
0x00007ffd87100000 - 0x00007ffd87113000 	C:\Users\maksi\AppData\Local\Temp\javacpp666503043178362\jniopencv_highgui.dll
0x00007ffd7d190000 - 0x00007ffd7d1a7000 	C:\Windows\System32\devenum.dll
0x00007ffd89d70000 - 0x00007ffd89d7a000 	C:\WINDOWS\SYSTEM32\msdmo.dll
0x00007ffd79e00000 - 0x00007ffd79e33000 	C:\Windows\System32\qcap.dll
0x00007ffd6bfd0000 - 0x00007ffd6c18d000 	C:\Windows\System32\quartz.dll
0x00007ffd78340000 - 0x00007ffd7838b000 	C:\Windows\System32\mfksproxy.dll
0x00007ffd7cc70000 - 0x00007ffd7cc8d000 	C:\Windows\System32\ATL.DLL
0x00007ffd98c50000 - 0x00007ffd98e2b000 	C:\Windows\System32\MFPlat.DLL
0x00007ffd987f0000 - 0x00007ffd9881e000 	C:\Windows\System32\RTWorkQ.DLL
0x00007ffd766f0000 - 0x00007ffd7673e000 	C:\Windows\System32\MFSENSORGROUP.dll
0x00007ffd766a0000 - 0x00007ffd766e8000 	C:\Windows\System32\ksproxy.ax
0x00007ffd96fe0000 - 0x00007ffd96fe9000 	C:\Windows\System32\ksuser.dll
0x00007ffd67da0000 - 0x00007ffd67f37000 	C:\Windows\System32\d3d9.dll
0x00007ffd9aab0000 - 0x00007ffd9ab2f000 	C:\WINDOWS\SYSTEM32\policymanager.dll
0x00007ffd9a600000 - 0x00007ffd9a691000 	C:\Windows\System32\msvcp110_win.dll
0x00007ffd94480000 - 0x00007ffd9448c000 	C:\Windows\System32\vidcap.ax
0x00007ffd78ad0000 - 0x00007ffd78af6000 	C:\Windows\System32\kswdmcap.ax
0x00007ffd67740000 - 0x00007ffd678a4000 	C:\Windows\System32\MFC42.dll
0x00007ffd6f250000 - 0x00007ffd6f2ef000 	C:\Windows\System32\qedit.dll
0x00007ffda07c0000 - 0x00007ffda08ad000 	C:\WINDOWS\System32\COMDLG32.dll
0x00007ffd6b3d0000 - 0x00007ffd6b4c6000 	C:\Windows\System32\DDRAW.dll
0x00007ffd93fb0000 - 0x00007ffd93fb8000 	C:\Windows\System32\DCIMAN32.dll
0x00007ffd9c8c0000 - 0x00007ffd9c97b000 	C:\Windows\System32\dxgi.dll

VM Arguments:
jvm_args: -Dfile.encoding=UTF-8 
java_command: opening.opening
java_class_path (initial): C:\javacv-0.7-bin\javacv-bin\javacpp.jar;C:\javacv-0.7-bin\javacv-bin\javacv-windows-x86.jar;C:\javacv-0.7-bin\javacv-bin\javacv-windows-x86_64.jar;C:\javacv-0.7-bin\javacv-bin\javacv.jar;C:\javacv-0.7-cppjars\javacv-cppjars\ffmpeg-2.1.1-windows-x86.jar;C:\javacv-0.7-cppjars\javacv-cppjars\ffmpeg-2.1.1-windows-x86_64.jar;C:\javacv-0.7-cppjars\javacv-cppjars\opencv-2.4.8-windows-x86.jar;C:\javacv-0.7-cppjars\javacv-cppjars\opencv-2.4.8-windows-x86_64.jar;C:\Users\maksi\Desktop\opening\build\classes
Launcher Type: SUN_STANDARD

Environment Variables:
CLASSPATH=.;.;.;C:\PROGRA~2\JMF21~1.1E\lib\sound.jar;C:\PROGRA~2\JMF21~1.1E\lib\jmf.jar;C:\PROGRA~2\JMF21~1.1E\lib;
USERNAME=Sabbir
OS=Windows_NT
PROCESSOR_IDENTIFIER=Intel64 Family 6 Model 142 Stepping 9, GenuineIntel



---------------  S Y S T E M  ---------------

OS: Windows 10.0 , 64 bit Build 17134 (10.0.17134.1)

CPU:total 4 (initial active 4) (2 cores per cpu, 2 threads per core) family 6 model 142 stepping 9, cmov, cx8, fxsr, mmx, sse, sse2, sse3, ssse3, sse4.1, sse4.2, popcnt, avx, avx2, aes, clmul, erms, 3dnowpref, lzcnt, ht, tsc, tscinvbit, bmi1, bmi2, adx

Memory: 4k page, physical 8254592k(2528612k free), swap 12592056k(2146564k free)

vm_info: Java HotSpot(TM) 64-Bit Server VM (25.151-b12) for windows-amd64 JRE (1.8.0_151-b12), built on Sep  5 2017 19:33:46 by "java_re" with MS VC++ 10.0 (VS2010)

time: Fri Sep 21 20:23:14 2018
elapsed time: 104 seconds (0d 0h 1m 44s)

