#
# A fatal error has been detected by the Java Runtime Environment:
#
#  EXCEPTION_ACCESS_VIOLATION (0xc0000005) at pc=0x00007ffe5de8d979, pid=17852, tid=0x00000000000022b4
#
# JRE version: Java(TM) SE Runtime Environment (8.0_151-b12) (build 1.8.0_151-b12)
# Java VM: Java HotSpot(TM) 64-Bit Server VM (25.151-b12 mixed mode windows-amd64 compressed oops)
# Problematic frame:
# C  [ntdll.dll+0x1d979]
#
# Failed to write core dump. Minidumps are not enabled by default on client versions of Windows
#
# If you would like to submit a bug report, please visit:
#   http://bugreport.java.com/bugreport/crash.jsp
# The crash happened outside the Java Virtual Machine in native code.
# See problematic frame for where to report the bug.
#

---------------  T H R E A D  ---------------

Current thread (0x00000000199e7000):  JavaThread "Thread-3" [_thread_in_native, id=8884, stack(0x000000001cb50000,0x000000001cc50000)]

siginfo: ExceptionCode=0xc0000005, writing address 0x0000000000000024

Registers:
RAX=0xffffffffffffffff, RBX=0x00000000199e07f8, RCX=0x0000000000000000, RDX=0xffffffffffffffff
RSP=0x000000001cc4f390, RBP=0x000000001cc4f400, RSI=0x0000000000000000, RDI=0x0000000000000000
R8 =0x0000000000000000, R9 =0x00007ffe19cee600, R10=0x0000000000000000, R11=0x0000000000000246
R12=0x0000000000000000, R13=0x0000000023b30090, R14=0x0000000000000000, R15=0x00000000199e7000
RIP=0x00007ffe5de8d979, EFLAGS=0x0000000000010213

Top of Stack: (sp=0x000000001cc4f390)
0x000000001cc4f390:   ffffffffffffffff 00000000199e07f8
0x000000001cc4f3a0:   00000000000001e0 0000000000000280
0x000000001cc4f3b0:   000000001cc4f410 0000000002ae835d
0x000000001cc4f3c0:   0000000002ae835d 000000000099d000
0x000000001cc4f3d0:   000000001cc4f3d0 000000001c17b442
0x000000001cc4f3e0:   000000001cc4f448 0000000002ae7b30
0x000000001cc4f3f0:   0000000000000000 00007ffe5af39252
0x000000001cc4f400:   00000000199e7000 0000000000000001
0x000000001cc4f410:   0000000023b30090 0000000000000000
0x000000001cc4f420:   0000000000000000 0000000000000000
0x000000001cc4f430:   0000000000000001 00007ffe5de883e7
0x000000001cc4f440:   0000000000000000 00000000199e07f8
0x000000001cc4f450:   00000000fffffffa 0000000000000000
0x000000001cc4f460:   000000001cc4f650 00007ffe5de88300
0x000000001cc4f470:   00007ffe19cee640 00007ffe19cee600
0x000000001cc4f480:   0000000000000000 0000000000000000 

Instructions: (pc=0x00007ffe5de8d979)
0x00007ffe5de8d959:   35 62 e5 13 00 4c 0f 45 f6 48 39 73 18 0f 84 b6
0x00007ffe5de8d969:   01 00 00 48 8b 0b 48 83 f9 ff 0f 84 b6 01 00 00
0x00007ffe5de8d979:   ff 41 24 48 8b 7b 18 44 8b ee 48 89 7d c0 e8 b4
0x00007ffe5de8d989:   2e ff ff 85 c0 0f 85 d6 c9 08 00 b9 82 03 fe 7f 


Register to memory mapping:

RAX=0xffffffffffffffff is an unknown value
RBX=0x00000000199e07f8 is an unknown value
RCX=0x0000000000000000 is an unknown value
RDX=0xffffffffffffffff is an unknown value
RSP=0x000000001cc4f390 is pointing into the stack for thread: 0x00000000199e7000
RBP=0x000000001cc4f400 is pointing into the stack for thread: 0x00000000199e7000
RSI=0x0000000000000000 is an unknown value
RDI=0x0000000000000000 is an unknown value
R8 =0x0000000000000000 is an unknown value
R9 =0x00007ffe19cee600 is an unknown value
R10=0x0000000000000000 is an unknown value
R11=0x0000000000000246 is an unknown value
R12=0x0000000000000000 is an unknown value
R13=0x0000000023b30090 is an unknown value
R14=0x0000000000000000 is an unknown value
R15=0x00000000199e7000 is a thread


Stack: [0x000000001cb50000,0x000000001cc50000],  sp=0x000000001cc4f390,  free space=1020k
Native frames: (J=compiled Java code, j=interpreted, Vv=VM code, C=native code)
C  [ntdll.dll+0x1d979]
C  [ntdll.dll+0x183e7]
C  [ntdll.dll+0x18300]
C  [opencv_highgui248.dll+0x15963]
C  [opencv_highgui248.dll+0x16946]
C  [opencv_highgui248.dll+0x10b2]
C  [jniopencv_highgui.dll+0x75d9]
C  0x0000000002af7f74

Java frames: (J=compiled Java code, j=interpreted, Vv=VM code)
j  com.googlecode.javacv.cpp.opencv_highgui.cvQueryFrame(Lcom/googlecode/javacv/cpp/opencv_highgui$CvCapture;)Lcom/googlecode/javacv/cpp/opencv_core$IplImage;+0
j  opening.javacv_image$6.run()V+54
v  ~StubRoutines::call_stub

---------------  P R O C E S S  ---------------

Java Threads: ( => current thread )
=>0x00000000199e7000 JavaThread "Thread-3" [_thread_in_native, id=8884, stack(0x000000001cb50000,0x000000001cc50000)]
  0x0000000019a01000 JavaThread "Swing-Shell" daemon [_thread_blocked, id=12436, stack(0x000000001bef0000,0x000000001bff0000)]
  0x0000000000e2e000 JavaThread "DestroyJavaVM" [_thread_blocked, id=14724, stack(0x0000000002700000,0x0000000002800000)]
  0x000000001970f800 JavaThread "AWT-EventQueue-0" [_thread_blocked, id=14404, stack(0x000000001ad70000,0x000000001ae70000)]
  0x00000000196b3000 JavaThread "AWT-Windows" daemon [_thread_in_native, id=9840, stack(0x000000001a060000,0x000000001a160000)]
  0x00000000196af000 JavaThread "AWT-Shutdown" [_thread_blocked, id=17508, stack(0x0000000019f60000,0x000000001a060000)]
  0x00000000196ad800 JavaThread "Java2D Disposer" daemon [_thread_blocked, id=6472, stack(0x0000000019e60000,0x0000000019f60000)]
  0x000000001762d000 JavaThread "Service Thread" daemon [_thread_blocked, id=20996, stack(0x0000000019320000,0x0000000019420000)]
  0x00000000175d7800 JavaThread "C1 CompilerThread2" daemon [_thread_blocked, id=11228, stack(0x0000000018e20000,0x0000000018f20000)]
  0x00000000175d4000 JavaThread "C2 CompilerThread1" daemon [_thread_blocked, id=11596, stack(0x0000000018d20000,0x0000000018e20000)]
  0x00000000175d1800 JavaThread "C2 CompilerThread0" daemon [_thread_blocked, id=10324, stack(0x0000000018c20000,0x0000000018d20000)]
  0x00000000175cf000 JavaThread "Attach Listener" daemon [_thread_blocked, id=17084, stack(0x0000000018b20000,0x0000000018c20000)]
  0x00000000175ce000 JavaThread "Signal Dispatcher" daemon [_thread_blocked, id=12752, stack(0x0000000018a20000,0x0000000018b20000)]
  0x0000000002adc000 JavaThread "Finalizer" daemon [_thread_in_native, id=16660, stack(0x0000000018830000,0x0000000018930000)]
  0x0000000017599000 JavaThread "Reference Handler" daemon [_thread_blocked, id=20908, stack(0x0000000018730000,0x0000000018830000)]

Other Threads:
  0x0000000017597800 VMThread [stack: 0x0000000018630000,0x0000000018730000] [id=20408]
  0x0000000018f4e800 WatcherThread [stack: 0x0000000019420000,0x0000000019520000] [id=1516]

VM state:not at safepoint (normal execution)

VM Mutex/Monitor currently owned by a thread: None

Heap:
 PSYoungGen      total 45056K, used 7872K [0x00000000d6000000, 0x00000000d9b00000, 0x0000000100000000)
  eden space 31744K, 5% used [0x00000000d6000000,0x00000000d61c3268,0x00000000d7f00000)
  from space 13312K, 45% used [0x00000000d8e00000,0x00000000d93ed040,0x00000000d9b00000)
  to   space 14336K, 0% used [0x00000000d7f00000,0x00000000d7f00000,0x00000000d8d00000)
 ParOldGen       total 86016K, used 18699K [0x0000000082000000, 0x0000000087400000, 0x00000000d6000000)
  object space 86016K, 21% used [0x0000000082000000,0x0000000083242f08,0x0000000087400000)
 Metaspace       used 16035K, capacity 16256K, committed 16512K, reserved 1062912K
  class space    used 2057K, capacity 2124K, committed 2176K, reserved 1048576K

Card table byte_map: [0x0000000011ea0000,0x00000000122a0000] byte_map_base: 0x0000000011a90000

Marking Bits: (ParMarkBitMap*) 0x0000000065b6d850
 Begin Bits: [0x0000000012940000, 0x00000000148c0000)
 End Bits:   [0x00000000148c0000, 0x0000000016840000)

Polling page: 0x0000000000d60000

CodeCache: size=245760Kb used=4816Kb max_used=4816Kb free=240943Kb
 bounds [0x0000000002ae0000, 0x0000000002fa0000, 0x0000000011ae0000]
 total_blobs=1925 nmethods=1379 adapters=459
 compilation: enabled

Compilation events (10 events):
Event: 16.400 Thread 0x00000000175d7800 1375       3       sun.awt.SunHints$Value::get (8 bytes)
Event: 16.400 Thread 0x00000000175d7800 nmethod 1375 0x0000000002f8e7d0 code [0x0000000002f8e940, 0x0000000002f8ead0]
Event: 16.400 Thread 0x00000000175d7800 1376       3       javax.swing.RepaintManager::currentManager (5 bytes)
Event: 16.400 Thread 0x00000000175d7800 nmethod 1376 0x0000000002f8e390 code [0x0000000002f8e500, 0x0000000002f8e6f8]
Event: 16.401 Thread 0x00000000175d7800 1377       3       java.awt.Component::isFocusOwner (5 bytes)
Event: 16.401 Thread 0x00000000175d7800 nmethod 1377 0x0000000002f8f410 code [0x0000000002f8f5a0, 0x0000000002f8f9a8]
Event: 16.466 Thread 0x00000000175d7800 1378       3       sun.awt.image.ByteComponentRaster::verify (566 bytes)
Event: 16.468 Thread 0x00000000175d7800 nmethod 1378 0x0000000002f8fb10 code [0x0000000002f90180, 0x0000000002f944a8]
Event: 16.618 Thread 0x00000000175d7800 1379       3       sun.awt.image.SunVolatileImage::getFont (43 bytes)
Event: 16.618 Thread 0x00000000175d7800 nmethod 1379 0x0000000002f96750 code [0x0000000002f968e0, 0x0000000002f96eb8]

GC Heap History (10 events):
Event: 12.034 GC heap before
{Heap before GC invocations=2 (full 0):
 PSYoungGen      total 37888K, used 37665K [0x00000000d6000000, 0x00000000d8a00000, 0x0000000100000000)
  eden space 32768K, 99% used [0x00000000d6000000,0x00000000d7fcc440,0x00000000d8000000)
  from space 5120K, 99% used [0x00000000d8000000,0x00000000d84fc270,0x00000000d8500000)
  to   space 5120K, 0% used [0x00000000d8500000,0x00000000d8500000,0x00000000d8a00000)
 ParOldGen       total 86016K, used 9153K [0x0000000082000000, 0x0000000087400000, 0x00000000d6000000)
  object space 86016K, 10% used [0x0000000082000000,0x00000000828f0798,0x0000000087400000)
 Metaspace       used 15828K, capacity 16000K, committed 16256K, reserved 1062912K
  class space    used 2052K, capacity 2124K, committed 2176K, reserved 1048576K
Event: 12.047 GC heap after
Heap after GC invocations=2 (full 0):
 PSYoungGen      total 37888K, used 5104K [0x00000000d6000000, 0x00000000d8a00000, 0x0000000100000000)
  eden space 32768K, 0% used [0x00000000d6000000,0x00000000d6000000,0x00000000d8000000)
  from space 5120K, 99% used [0x00000000d8500000,0x00000000d89fc050,0x00000000d8a00000)
  to   space 5120K, 0% used [0x00000000d8000000,0x00000000d8000000,0x00000000d8500000)
 ParOldGen       total 86016K, used 13227K [0x0000000082000000, 0x0000000087400000, 0x00000000d6000000)
  object space 86016K, 15% used [0x0000000082000000,0x0000000082ceaea8,0x0000000087400000)
 Metaspace       used 15828K, capacity 16000K, committed 16256K, reserved 1062912K
  class space    used 2052K, capacity 2124K, committed 2176K, reserved 1048576K
}
Event: 13.170 GC heap before
{Heap before GC invocations=3 (full 0):
 PSYoungGen      total 37888K, used 37173K [0x00000000d6000000, 0x00000000d8a00000, 0x0000000100000000)
  eden space 32768K, 97% used [0x00000000d6000000,0x00000000d7f515d0,0x00000000d8000000)
  from space 5120K, 99% used [0x00000000d8500000,0x00000000d89fc050,0x00000000d8a00000)
  to   space 5120K, 0% used [0x00000000d8000000,0x00000000d8000000,0x00000000d8500000)
 ParOldGen       total 86016K, used 13227K [0x0000000082000000, 0x0000000087400000, 0x00000000d6000000)
  object space 86016K, 15% used [0x0000000082000000,0x0000000082ceaea8,0x0000000087400000)
 Metaspace       used 15844K, capacity 16064K, committed 16256K, reserved 1062912K
  class space    used 2052K, capacity 2124K, committed 2176K, reserved 1048576K
Event: 13.185 GC heap after
Heap after GC invocations=3 (full 0):
 PSYoungGen      total 37888K, used 4836K [0x00000000d6000000, 0x00000000d8a00000, 0x0000000100000000)
  eden space 32768K, 0% used [0x00000000d6000000,0x00000000d6000000,0x00000000d8000000)
  from space 5120K, 94% used [0x00000000d8000000,0x00000000d84b9050,0x00000000d8500000)
  to   space 5120K, 0% used [0x00000000d8500000,0x00000000d8500000,0x00000000d8a00000)
 ParOldGen       total 86016K, used 13235K [0x0000000082000000, 0x0000000087400000, 0x00000000d6000000)
  object space 86016K, 15% used [0x0000000082000000,0x0000000082cecea8,0x0000000087400000)
 Metaspace       used 15844K, capacity 16064K, committed 16256K, reserved 1062912K
  class space    used 2052K, capacity 2124K, committed 2176K, reserved 1048576K
}
Event: 14.306 GC heap before
{Heap before GC invocations=4 (full 0):
 PSYoungGen      total 37888K, used 36891K [0x00000000d6000000, 0x00000000d8a00000, 0x0000000100000000)
  eden space 32768K, 97% used [0x00000000d6000000,0x00000000d7f4dd20,0x00000000d8000000)
  from space 5120K, 94% used [0x00000000d8000000,0x00000000d84b9050,0x00000000d8500000)
  to   space 5120K, 0% used [0x00000000d8500000,0x00000000d8500000,0x00000000d8a00000)
 ParOldGen       total 86016K, used 13235K [0x0000000082000000, 0x0000000087400000, 0x00000000d6000000)
  object space 86016K, 15% used [0x0000000082000000,0x0000000082cecea8,0x0000000087400000)
 Metaspace       used 15875K, capacity 16064K, committed 16256K, reserved 1062912K
  class space    used 2052K, capacity 2124K, committed 2176K, reserved 1048576K
Event: 14.314 GC heap after
Heap after GC invocations=4 (full 0):
 PSYoungGen      total 37888K, used 5104K [0x00000000d6000000, 0x00000000d8a00000, 0x0000000100000000)
  eden space 32768K, 0% used [0x00000000d6000000,0x00000000d6000000,0x00000000d8000000)
  from space 5120K, 99% used [0x00000000d8500000,0x00000000d89fc050,0x00000000d8a00000)
  to   space 5120K, 0% used [0x00000000d8000000,0x00000000d8000000,0x00000000d8500000)
 ParOldGen       total 86016K, used 15967K [0x0000000082000000, 0x0000000087400000, 0x00000000d6000000)
  object space 86016K, 18% used [0x0000000082000000,0x0000000082f97ed8,0x0000000087400000)
 Metaspace       used 15875K, capacity 16064K, committed 16256K, reserved 1062912K
  class space    used 2052K, capacity 2124K, committed 2176K, reserved 1048576K
}
Event: 15.474 GC heap before
{Heap before GC invocations=5 (full 0):
 PSYoungGen      total 37888K, used 37631K [0x00000000d6000000, 0x00000000d8a00000, 0x0000000100000000)
  eden space 32768K, 99% used [0x00000000d6000000,0x00000000d7fc3cb0,0x00000000d8000000)
  from space 5120K, 99% used [0x00000000d8500000,0x00000000d89fc050,0x00000000d8a00000)
  to   space 5120K, 0% used [0x00000000d8000000,0x00000000d8000000,0x00000000d8500000)
 ParOldGen       total 86016K, used 15967K [0x0000000082000000, 0x0000000087400000, 0x00000000d6000000)
  object space 86016K, 18% used [0x0000000082000000,0x0000000082f97ed8,0x0000000087400000)
 Metaspace       used 15908K, capacity 16128K, committed 16256K, reserved 1062912K
  class space    used 2052K, capacity 2124K, committed 2176K, reserved 1048576K
Event: 15.481 GC heap after
Heap after GC invocations=5 (full 0):
 PSYoungGen      total 37376K, used 5104K [0x00000000d6000000, 0x00000000d9c80000, 0x0000000100000000)
  eden space 32256K, 0% used [0x00000000d6000000,0x00000000d6000000,0x00000000d7f80000)
  from space 5120K, 99% used [0x00000000d8000000,0x00000000d84fc030,0x00000000d8500000)
  to   space 14848K, 0% used [0x00000000d8e00000,0x00000000d8e00000,0x00000000d9c80000)
 ParOldGen       total 86016K, used 18691K [0x0000000082000000, 0x0000000087400000, 0x00000000d6000000)
  object space 86016K, 21% used [0x0000000082000000,0x0000000083240f08,0x0000000087400000)
 Metaspace       used 15908K, capacity 16128K, committed 16256K, reserved 1062912K
  class space    used 2052K, capacity 2124K, committed 2176K, reserved 1048576K
}
Event: 16.610 GC heap before
{Heap before GC invocations=6 (full 0):
 PSYoungGen      total 37376K, used 36875K [0x00000000d6000000, 0x00000000d9c80000, 0x0000000100000000)
  eden space 32256K, 98% used [0x00000000d6000000,0x00000000d7f06fb0,0x00000000d7f80000)
  from space 5120K, 99% used [0x00000000d8000000,0x00000000d84fc030,0x00000000d8500000)
  to   space 14848K, 0% used [0x00000000d8e00000,0x00000000d8e00000,0x00000000d9c80000)
 ParOldGen       total 86016K, used 18691K [0x0000000082000000, 0x0000000087400000, 0x00000000d6000000)
  object space 86016K, 21% used [0x0000000082000000,0x0000000083240f08,0x0000000087400000)
 Metaspace       used 16034K, capacity 16256K, committed 16512K, reserved 1062912K
  class space    used 2057K, capacity 2124K, committed 2176K, reserved 1048576K
Event: 16.613 GC heap after
Heap after GC invocations=6 (full 0):
 PSYoungGen      total 45056K, used 6068K [0x00000000d6000000, 0x00000000d9b00000, 0x0000000100000000)
  eden space 31744K, 0% used [0x00000000d6000000,0x00000000d6000000,0x00000000d7f00000)
  from space 13312K, 45% used [0x00000000d8e00000,0x00000000d93ed040,0x00000000d9b00000)
  to   space 14336K, 0% used [0x00000000d7f00000,0x00000000d7f00000,0x00000000d8d00000)
 ParOldGen       total 86016K, used 18699K [0x0000000082000000, 0x0000000087400000, 0x00000000d6000000)
  object space 86016K, 21% used [0x0000000082000000,0x0000000083242f08,0x0000000087400000)
 Metaspace       used 16034K, capacity 16256K, committed 16512K, reserved 1062912K
  class space    used 2057K, capacity 2124K, committed 2176K, reserved 1048576K
}

Deoptimization events (10 events):
Event: 0.756 Thread 0x000000001970f800 Uncommon trap: reason=unstable_if action=reinterpret pc=0x0000000002d3b314 method=java.awt.MultipleGradientPaintContext.indexIntoGradientsArrays(F)I @ 131
Event: 2.232 Thread 0x000000001972c800 Uncommon trap: reason=unstable_if action=reinterpret pc=0x0000000002cc9574 method=sun.awt.image.PNGImageDecoder.update_crc(I[BII)I @ 7
Event: 2.312 Thread 0x000000001970f800 Uncommon trap: reason=bimorphic action=maybe_recompile pc=0x0000000002d1958c method=java.util.HashMap.putVal(ILjava/lang/Object;Ljava/lang/Object;ZZ)Ljava/lang/Object; @ 56
Event: 2.312 Thread 0x000000001970f800 Uncommon trap: reason=bimorphic action=maybe_recompile pc=0x0000000002d1958c method=java.util.HashMap.putVal(ILjava/lang/Object;Ljava/lang/Object;ZZ)Ljava/lang/Object; @ 56
Event: 5.517 Thread 0x00000000199e7000 Uncommon trap: reason=class_check action=maybe_recompile pc=0x0000000002dc6e44 method=java.util.HashMap.putVal(ILjava/lang/Object;Ljava/lang/Object;ZZ)Ljava/lang/Object; @ 253
Event: 5.518 Thread 0x00000000199e7000 Uncommon trap: reason=class_check action=maybe_recompile pc=0x0000000002dc6e44 method=java.util.HashMap.putVal(ILjava/lang/Object;Ljava/lang/Object;ZZ)Ljava/lang/Object; @ 253
Event: 5.518 Thread 0x00000000199e7000 Uncommon trap: reason=class_check action=maybe_recompile pc=0x0000000002dc6e44 method=java.util.HashMap.putVal(ILjava/lang/Object;Ljava/lang/Object;ZZ)Ljava/lang/Object; @ 253
Event: 5.522 Thread 0x00000000199e7000 Uncommon trap: reason=class_check action=maybe_recompile pc=0x0000000002dc6e44 method=java.util.HashMap.putVal(ILjava/lang/Object;Ljava/lang/Object;ZZ)Ljava/lang/Object; @ 253
Event: 10.847 Thread 0x00000000199e7000 Uncommon trap: reason=unstable_if action=reinterpret pc=0x0000000002efe4f0 method=com.googlecode.javacv.cpp.opencv_core$IplImage.flipCopyWithGamma(Ljava/nio/ByteBuffer;ILjava/nio/ByteBuffer;IZDZI)V @ 50
Event: 16.614 Thread 0x0000000002adc000 Uncommon trap: reason=unstable_if action=reinterpret pc=0x0000000002f2bd80 method=java.util.concurrent.locks.ReentrantLock$Sync.tryRelease(I)Z @ 28

Internal exceptions (10 events):
Event: 0.331 Thread 0x0000000000e2e000 Exception <a 'java/lang/ClassNotFoundException': ToolBar> (0x00000000d641dcd8) thrown at [C:\re\workspace\8-2-build-windows-amd64-cygwin\jdk8u151\9699\hotspot\src\share\vm\classfile\systemDictionary.cpp, line 210]
Event: 0.331 Thread 0x0000000000e2e000 Exception <a 'java/lang/ClassNotFoundException': ToggleButton> (0x00000000d641e288) thrown at [C:\re\workspace\8-2-build-windows-amd64-cygwin\jdk8u151\9699\hotspot\src\share\vm\classfile\systemDictionary.cpp, line 210]
Event: 0.331 Thread 0x0000000000e2e000 Exception <a 'java/lang/ClassNotFoundException': javax/swing/JToolBarSeparator> (0x00000000d641e6e8) thrown at [C:\re\workspace\8-2-build-windows-amd64-cygwin\jdk8u151\9699\hotspot\src\share\vm\classfile\systemDictionary.cpp, line 210]
Event: 0.331 Thread 0x0000000000e2e000 Exception <a 'java/lang/ClassNotFoundException': ToolBarSeparator> (0x00000000d641eb80) thrown at [C:\re\workspace\8-2-build-windows-amd64-cygwin\jdk8u151\9699\hotspot\src\share\vm\classfile\systemDictionary.cpp, line 210]
Event: 0.332 Thread 0x0000000000e2e000 Exception <a 'java/lang/ClassNotFoundException': ToolTip> (0x00000000d641f2c0) thrown at [C:\re\workspace\8-2-build-windows-amd64-cygwin\jdk8u151\9699\hotspot\src\share\vm\classfile\systemDictionary.cpp, line 210]
Event: 0.333 Thread 0x0000000000e2e000 Exception <a 'java/lang/ClassNotFoundException': Tree> (0x00000000d641fee0) thrown at [C:\re\workspace\8-2-build-windows-amd64-cygwin\jdk8u151\9699\hotspot\src\share\vm\classfile\systemDictionary.cpp, line 210]
Event: 0.333 Thread 0x0000000000e2e000 Exception <a 'java/lang/ClassNotFoundException': Tree> (0x00000000d6420620) thrown at [C:\re\workspace\8-2-build-windows-amd64-cygwin\jdk8u151\9699\hotspot\src\share\vm\classfile\systemDictionary.cpp, line 210]
Event: 0.333 Thread 0x0000000000e2e000 Exception <a 'java/lang/ClassNotFoundException': javax/swing/JTreeCell> (0x00000000d64209a0) thrown at [C:\re\workspace\8-2-build-windows-amd64-cygwin\jdk8u151\9699\hotspot\src\share\vm\classfile\systemDictionary.cpp, line 210]
Event: 0.333 Thread 0x0000000000e2e000 Exception <a 'java/lang/ClassNotFoundException': TreeCell> (0x00000000d6420e28) thrown at [C:\re\workspace\8-2-build-windows-amd64-cygwin\jdk8u151\9699\hotspot\src\share\vm\classfile\systemDictionary.cpp, line 210]
Event: 0.334 Thread 0x0000000000e2e000 Exception <a 'java/lang/ClassNotFoundException': RootPane> (0x00000000d6421888) thrown at [C:\re\workspace\8-2-build-windows-amd64-cygwin\jdk8u151\9699\hotspot\src\share\vm\classfile\systemDictionary.cpp, line 210]

Events (10 events):
Event: 16.521 loading class com/googlecode/javacv/FrameGrabber$ImageMode done
Event: 16.522 loading class java/util/concurrent/Executors$FinalizableDelegatedExecutorService
Event: 16.522 loading class java/util/concurrent/Executors$DelegatedExecutorService
Event: 16.522 loading class java/util/concurrent/Executors$DelegatedExecutorService done
Event: 16.522 loading class java/util/concurrent/Executors$FinalizableDelegatedExecutorService done
Event: 16.610 Executing VM operation: ParallelGCFailedAllocation
Event: 16.613 Executing VM operation: ParallelGCFailedAllocation done
Event: 16.614 Thread 0x0000000002adc000 Uncommon trap: trap_request=0xffffff65 fr.pc=0x0000000002f2bd80
Event: 16.614 Thread 0x0000000002adc000 DEOPT PACKING pc=0x0000000002f2bd80 sp=0x000000001892ef20
Event: 16.614 Thread 0x0000000002adc000 DEOPT UNPACKING pc=0x0000000002b2582a sp=0x000000001892eea8 mode 2


Dynamic libraries:
0x00007ff6ff780000 - 0x00007ff6ff7b7000 	C:\Program Files\Java\jdk1.8.0_151\bin\java.exe
0x00007ffe5de70000 - 0x00007ffe5e051000 	C:\WINDOWS\SYSTEM32\ntdll.dll
0x00007ffe5dd80000 - 0x00007ffe5de32000 	C:\WINDOWS\System32\KERNEL32.DLL
0x00007ffe5af00000 - 0x00007ffe5b173000 	C:\WINDOWS\System32\KERNELBASE.dll
0x00007ffe5c9b0000 - 0x00007ffe5ca51000 	C:\WINDOWS\System32\ADVAPI32.dll
0x00007ffe5cd30000 - 0x00007ffe5cdce000 	C:\WINDOWS\System32\msvcrt.dll
0x00007ffe5ca60000 - 0x00007ffe5cabb000 	C:\WINDOWS\System32\sechost.dll
0x00007ffe5dc50000 - 0x00007ffe5dd74000 	C:\WINDOWS\System32\RPCRT4.dll
0x00007ffe5d280000 - 0x00007ffe5d410000 	C:\WINDOWS\System32\USER32.dll
0x00007ffe5b180000 - 0x00007ffe5b1a0000 	C:\WINDOWS\System32\win32u.dll
0x00007ffe5cb80000 - 0x00007ffe5cba8000 	C:\WINDOWS\System32\GDI32.dll
0x00007ffe5a330000 - 0x00007ffe5a4c2000 	C:\WINDOWS\System32\gdi32full.dll
0x00007ffe5a240000 - 0x00007ffe5a2df000 	C:\WINDOWS\System32\msvcp_win.dll
0x00007ffe5b200000 - 0x00007ffe5b2fa000 	C:\WINDOWS\System32\ucrtbase.dll
0x00007ffe502e0000 - 0x00007ffe50549000 	C:\WINDOWS\WinSxS\amd64_microsoft.windows.common-controls_6595b64144ccf1df_6.0.17134.165_none_fb429645306569ac\COMCTL32.dll
0x00007ffe5d920000 - 0x00007ffe5dc43000 	C:\WINDOWS\System32\combase.dll
0x00007ffe5abe0000 - 0x00007ffe5ac5a000 	C:\WINDOWS\System32\bcryptPrimitives.dll
0x00007ffe5cad0000 - 0x00007ffe5cafd000 	C:\WINDOWS\System32\IMM32.DLL
0x00000000662d0000 - 0x00000000663a2000 	C:\Program Files\Java\jdk1.8.0_151\jre\bin\msvcr100.dll
0x0000000065350000 - 0x0000000065bed000 	C:\Program Files\Java\jdk1.8.0_151\jre\bin\server\jvm.dll
0x00007ffe5d910000 - 0x00007ffe5d918000 	C:\WINDOWS\System32\PSAPI.DLL
0x00007ffe4e880000 - 0x00007ffe4e889000 	C:\WINDOWS\SYSTEM32\WSOCK32.dll
0x00007ffe5d430000 - 0x00007ffe5d49c000 	C:\WINDOWS\System32\WS2_32.dll
0x00007ffe4fcb0000 - 0x00007ffe4fcd3000 	C:\WINDOWS\SYSTEM32\WINMM.dll
0x00007ffe518c0000 - 0x00007ffe518ca000 	C:\WINDOWS\SYSTEM32\VERSION.dll
0x00007ffe4fc80000 - 0x00007ffe4fcaa000 	C:\WINDOWS\SYSTEM32\WINMMBASE.dll
0x00007ffe5a2e0000 - 0x00007ffe5a329000 	C:\WINDOWS\System32\cfgmgr32.dll
0x00000000666b0000 - 0x00000000666bf000 	C:\Program Files\Java\jdk1.8.0_151\jre\bin\verify.dll
0x0000000066680000 - 0x00000000666a9000 	C:\Program Files\Java\jdk1.8.0_151\jre\bin\java.dll
0x0000000066660000 - 0x0000000066676000 	C:\Program Files\Java\jdk1.8.0_151\jre\bin\zip.dll
0x00007ffe5b510000 - 0x00007ffe5c950000 	C:\WINDOWS\System32\SHELL32.dll
0x00007ffe5b360000 - 0x00007ffe5b409000 	C:\WINDOWS\System32\shcore.dll
0x00007ffe5a4d0000 - 0x00007ffe5abdd000 	C:\WINDOWS\System32\windows.storage.dll
0x00007ffe5cdd0000 - 0x00007ffe5ce21000 	C:\WINDOWS\System32\shlwapi.dll
0x00007ffe5a1f0000 - 0x00007ffe5a201000 	C:\WINDOWS\System32\kernel.appcore.dll
0x00007ffe5a210000 - 0x00007ffe5a22f000 	C:\WINDOWS\System32\profapi.dll
0x00007ffe5a180000 - 0x00007ffe5a1cc000 	C:\WINDOWS\System32\powrprof.dll
0x00007ffe5a230000 - 0x00007ffe5a23a000 	C:\WINDOWS\System32\FLTLIB.DLL
0x00000000651b0000 - 0x0000000065348000 	C:\Program Files\Java\jdk1.8.0_151\jre\bin\awt.dll
0x00007ffe5d540000 - 0x00007ffe5d602000 	C:\WINDOWS\System32\OLEAUT32.dll
0x00007ffe577a0000 - 0x00007ffe5782b000 	C:\WINDOWS\SYSTEM32\apphelp.dll
0x00007ffe581b0000 - 0x00007ffe58248000 	C:\WINDOWS\system32\uxtheme.dll
0x00007ffe5cbb0000 - 0x00007ffe5cd25000 	C:\WINDOWS\System32\MSCTF.dll
0x0000000180000000 - 0x0000000180118000 	C:\WINDOWS\system32\rlls64.dll
0x00007ffe5d610000 - 0x00007ffe5d761000 	C:\WINDOWS\System32\ole32.dll
0x00007ffe3a2c0000 - 0x00007ffe3a32b000 	C:\WINDOWS\system32\OLEACC.dll
0x00007ffe47630000 - 0x00007ffe4797f000 	C:\WINDOWS\system32\WININET.dll
0x00007ffe59240000 - 0x00007ffe59271000 	C:\WINDOWS\SYSTEM32\ntmarta.dll
0x00007ffe58580000 - 0x00007ffe585a9000 	C:\WINDOWS\system32\dwmapi.dll
0x00007ffe594c0000 - 0x00007ffe59539000 	C:\WINDOWS\SYSTEM32\Schannel.dll
0x00007ffe5ac60000 - 0x00007ffe5ae42000 	C:\WINDOWS\System32\CRYPT32.dll
0x00007ffe5a1d0000 - 0x00007ffe5a1e2000 	C:\WINDOWS\System32\MSASN1.dll
0x00007ffe5a080000 - 0x00007ffe5a0b0000 	C:\WINDOWS\SYSTEM32\SspiCli.dll
0x00007ffe599a0000 - 0x00007ffe59a06000 	C:\WINDOWS\system32\mswsock.dll
0x0000000066280000 - 0x00000000662c7000 	C:\Program Files\Java\jdk1.8.0_151\jre\bin\fontmanager.dll
0x00007ffe4e9a0000 - 0x00007ffe4eac0000 	C:\WINDOWS\system32\opengl32.dll
0x00007ffe4e530000 - 0x00007ffe4e55c000 	C:\WINDOWS\SYSTEM32\GLU32.dll
0x00000000664b0000 - 0x00000000664ca000 	C:\Program Files\Java\jdk1.8.0_151\jre\bin\net.dll
0x0000000066490000 - 0x00000000664a1000 	C:\Program Files\Java\jdk1.8.0_151\jre\bin\nio.dll
0x0000000066230000 - 0x0000000066272000 	C:\Program Files\Java\jdk1.8.0_151\jre\bin\t2k.dll
0x00007ffe43940000 - 0x00007ffe439d8000 	C:\WINDOWS\System32\TextInputFramework.dll
0x00007ffe41e10000 - 0x00007ffe4212e000 	C:\WINDOWS\System32\CoreUIComponents.dll
0x00007ffe57380000 - 0x00007ffe5745a000 	C:\WINDOWS\System32\CoreMessaging.dll
0x00007ffe56490000 - 0x00007ffe565dd000 	C:\WINDOWS\SYSTEM32\wintypes.dll
0x0000000065180000 - 0x00000000651aa000 	C:\Program Files\Java\jdk1.8.0_151\jre\bin\dcpr.dll
0x00007ffe27160000 - 0x00007ffe27207000 	C:\WINDOWS\WinSxS\amd64_microsoft.windows.common-controls_6595b64144ccf1df_5.82.17134.165_none_f954469b3093f6d5\comctl32.dll
0x00007ffe5d4a0000 - 0x00007ffe5d540000 	C:\WINDOWS\System32\clbcatq.dll
0x00007ffe588b0000 - 0x00007ffe58a64000 	C:\WINDOWS\SYSTEM32\PROPSYS.dll
0x00007ffe49350000 - 0x00007ffe499eb000 	C:\Windows\System32\OneCoreUAPCommonProxyStub.dll
0x00007ffe2b070000 - 0x00007ffe2b197000 	C:\WINDOWS\system32\NetworkExplorer.dll
0x00007ffe4f130000 - 0x00007ffe4f14a000 	C:\WINDOWS\SYSTEM32\MPR.dll
0x00007ffe4b890000 - 0x00007ffe4b89b000 	C:\WINDOWS\System32\drprov.dll
0x00007ffe59f80000 - 0x00007ffe59fd6000 	C:\WINDOWS\System32\WINSTA.dll
0x00007ffe4b870000 - 0x00007ffe4b886000 	C:\WINDOWS\System32\ntlanman.dll
0x00007ffe4b850000 - 0x00007ffe4b86d000 	C:\WINDOWS\System32\davclnt.dll
0x00007ffe4b1c0000 - 0x00007ffe4b1cc000 	C:\WINDOWS\System32\DAVHLPR.dll
0x00007ffe55300000 - 0x00007ffe55317000 	C:\WINDOWS\System32\wkscli.dll
0x00007ffe59c80000 - 0x00007ffe59ca5000 	C:\WINDOWS\System32\bcrypt.dll
0x00007ffe52460000 - 0x00007ffe52472000 	C:\WINDOWS\SYSTEM32\cscapi.dll
0x00007ffe59820000 - 0x00007ffe5982e000 	C:\WINDOWS\System32\netutils.dll
0x00007ffe2ffb0000 - 0x00007ffe2fffa000 	C:\Windows\System32\dlnashext.dll
0x00007ffe2eb40000 - 0x00007ffe2eba3000 	C:\Windows\System32\PlayToDevice.dll
0x00007ffe1b070000 - 0x00007ffe1b08e000 	C:\Windows\System32\DevDispItemProvider.dll
0x00007ffe52480000 - 0x00007ffe524f6000 	C:\WINDOWS\System32\MMDevApi.dll
0x00007ffe59f30000 - 0x00007ffe59f57000 	C:\WINDOWS\System32\DEVOBJ.dll
0x00007ffe26530000 - 0x00007ffe26711000 	C:\WINDOWS\system32\wpdshext.dll
0x00007ffe50550000 - 0x00007ffe506ea000 	C:\WINDOWS\WinSxS\amd64_microsoft.windows.gdiplus_6595b64144ccf1df_1.1.17134.165_none_2c2d892a8af7e37a\gdiplus.dll
0x00007ffe57fb0000 - 0x00007ffe5804c000 	C:\Windows\System32\PortableDeviceApi.dll
0x00007ffe5ce30000 - 0x00007ffe5d27b000 	C:\WINDOWS\System32\SETUPAPI.dll
0x00007ffe5b1a0000 - 0x00007ffe5b1f7000 	C:\WINDOWS\System32\WINTRUST.dll
0x00007ffe3d550000 - 0x00007ffe3d587000 	C:\Windows\System32\EhStorShell.dll
0x00007ffe452e0000 - 0x00007ffe45305000 	C:\Windows\System32\EhStorAPI.dll
0x00007ffe58db0000 - 0x00007ffe58dc3000 	C:\Windows\System32\WTSAPI32.dll
0x00007ffe56c40000 - 0x00007ffe56c4d000 	C:\WINDOWS\SYSTEM32\LINKINFO.dll
0x0000000064fc0000 - 0x0000000065091000 	C:\Users\maksi\AppData\Local\Temp\javacpp1053917610385672\msvcr100.dll
0x0000000064f20000 - 0x0000000064fb8000 	C:\Users\maksi\AppData\Local\Temp\javacpp1053917610385672\msvcp100.dll
0x0000000066840000 - 0x00000000676b4000 	C:\Users\maksi\AppData\Local\Temp\javacpp1053917610385672\opencv_ffmpeg248_64.dll
0x00007ffe1adf0000 - 0x00007ffe1b062000 	C:\Users\maksi\AppData\Local\Temp\javacpp1053917610385672\opencv_core248.dll
0x00007ffe19d10000 - 0x00007ffe19fc2000 	C:\Users\maksi\AppData\Local\Temp\javacpp1053917610385672\opencv_imgproc248.dll
0x00007ffe19ac0000 - 0x00007ffe19d0d000 	C:\Users\maksi\AppData\Local\Temp\javacpp1053917610385672\opencv_highgui248.dll
0x00007ffe3efd0000 - 0x00007ffe3eff9000 	C:\WINDOWS\SYSTEM32\MSVFW32.dll
0x00007ffe4a210000 - 0x00007ffe4a22f000 	C:\WINDOWS\SYSTEM32\AVIFIL32.dll
0x00007ffe474e0000 - 0x00007ffe474f8000 	C:\WINDOWS\SYSTEM32\AVICAP32.dll
0x00007ffe51910000 - 0x00007ffe5192c000 	C:\WINDOWS\SYSTEM32\MSACM32.dll
0x00007ffe42650000 - 0x00007ffe42663000 	C:\Users\maksi\AppData\Local\Temp\javacpp1053917610385672\jniopencv_highgui.dll
0x00007ffe4b770000 - 0x00007ffe4b787000 	C:\Windows\System32\devenum.dll
0x00007ffe4ca80000 - 0x00007ffe4ca8a000 	C:\WINDOWS\SYSTEM32\msdmo.dll
0x00007ffe37d70000 - 0x00007ffe37da3000 	C:\Windows\System32\qcap.dll
0x00007ffe1ac30000 - 0x00007ffe1aded000 	C:\Windows\System32\quartz.dll
0x00007ffe31bd0000 - 0x00007ffe31c1b000 	C:\Windows\System32\mfksproxy.dll
0x00007ffe3ef80000 - 0x00007ffe3ef9d000 	C:\Windows\System32\ATL.DLL
0x00007ffe529c0000 - 0x00007ffe52b9b000 	C:\Windows\System32\MFPlat.DLL
0x00007ffe54370000 - 0x00007ffe5439e000 	C:\Windows\System32\RTWorkQ.DLL
0x00007ffe30240000 - 0x00007ffe3028e000 	C:\Windows\System32\MFSENSORGROUP.dll
0x00007ffe30050000 - 0x00007ffe30098000 	C:\Windows\System32\ksproxy.ax
0x00007ffe51b60000 - 0x00007ffe51b69000 	C:\Windows\System32\ksuser.dll
0x00007ffe27260000 - 0x00007ffe273f7000 	C:\Windows\System32\d3d9.dll
0x00007ffe55b10000 - 0x00007ffe55b8f000 	C:\WINDOWS\SYSTEM32\policymanager.dll
0x00007ffe55470000 - 0x00007ffe55501000 	C:\Windows\System32\msvcp110_win.dll
0x00007ffe4ca00000 - 0x00007ffe4ca0c000 	C:\Windows\System32\vidcap.ax
0x00007ffe3e720000 - 0x00007ffe3e746000 	C:\Windows\System32\kswdmcap.ax
0x00007ffe1f340000 - 0x00007ffe1f4a4000 	C:\Windows\System32\MFC42.dll
0x00007ffe2ca90000 - 0x00007ffe2cb2f000 	C:\Windows\System32\qedit.dll
0x00007ffe5b410000 - 0x00007ffe5b4fd000 	C:\WINDOWS\System32\COMDLG32.dll
0x00007ffe1b780000 - 0x00007ffe1b876000 	C:\Windows\System32\DDRAW.dll
0x00007ffe58ef0000 - 0x00007ffe58fab000 	C:\Windows\System32\dxgi.dll
0x00007ffe4b8a0000 - 0x00007ffe4b8a8000 	C:\Windows\System32\DCIMAN32.dll
0x00007ffe4b4f0000 - 0x00007ffe4b4fc000 	C:\WINDOWS\SYSTEM32\msyuv.dll

VM Arguments:
jvm_args: -Dfile.encoding=UTF-8 
java_command: opening.opening
java_class_path (initial): C:\javacv-0.7-bin\javacv-bin\javacpp.jar;C:\javacv-0.7-bin\javacv-bin\javacv-windows-x86.jar;C:\javacv-0.7-bin\javacv-bin\javacv-windows-x86_64.jar;C:\javacv-0.7-bin\javacv-bin\javacv.jar;C:\javacv-0.7-cppjars\javacv-cppjars\ffmpeg-2.1.1-windows-x86.jar;C:\javacv-0.7-cppjars\javacv-cppjars\ffmpeg-2.1.1-windows-x86_64.jar;C:\javacv-0.7-cppjars\javacv-cppjars\opencv-2.4.8-windows-x86.jar;C:\javacv-0.7-cppjars\javacv-cppjars\opencv-2.4.8-windows-x86_64.jar;C:\Users\maksi\Desktop\opening\build\classes
Launcher Type: SUN_STANDARD

Environment Variables:
CLASSPATH=.;.;.;C:\PROGRA~2\JMF21~1.1E\lib\sound.jar;C:\PROGRA~2\JMF21~1.1E\lib\jmf.jar;C:\PROGRA~2\JMF21~1.1E\lib;
USERNAME=Sabbir
OS=Windows_NT
PROCESSOR_IDENTIFIER=Intel64 Family 6 Model 142 Stepping 9, GenuineIntel



---------------  S Y S T E M  ---------------

OS: Windows 10.0 , 64 bit Build 17134 (10.0.17134.1)

CPU:total 4 (initial active 4) (2 cores per cpu, 2 threads per core) family 6 model 142 stepping 9, cmov, cx8, fxsr, mmx, sse, sse2, sse3, ssse3, sse4.1, sse4.2, popcnt, avx, avx2, aes, clmul, erms, 3dnowpref, lzcnt, ht, tsc, tscinvbit, bmi1, bmi2, adx

Memory: 4k page, physical 8254592k(3024716k free), swap 11400320k(3428172k free)

vm_info: Java HotSpot(TM) 64-Bit Server VM (25.151-b12) for windows-amd64 JRE (1.8.0_151-b12), built on Sep  5 2017 19:33:46 by "java_re" with MS VC++ 10.0 (VS2010)

time: Thu Aug 09 05:25:13 2018
elapsed time: 16 seconds (0d 0h 0m 16s)

